A* Metrics:
Path Length: 11
Nodes Expanded: 39
Execution Time: 0.0 seconds
Memory Usage: 0 bytes


A* Metrics:
Path Length: 12
Nodes Expanded: 32
Execution Time: 0.0 seconds
Memory Usage: 0 bytes


A* Metrics:
Path Length: 12
Nodes Expanded: 27
Execution Time: 0.0 seconds
Memory Usage: 0 bytes


A* Metrics:
Path Length: 22
Nodes Expanded: 84
Execution Time: 0.0 seconds
Memory Usage: 0 bytes


A* Metrics:
Path Length: 18
Nodes Expanded: 141
Execution Time: 0.0010101795196533203 seconds
Memory Usage: 0 bytes


A* Metrics:
Path Length: 18
Nodes Expanded: 106
Execution Time: 0.0 seconds
Memory Usage: 0 bytes


A* Metrics:
Path Length: 9
Nodes Expanded: 42
Execution Time: 0.0014476776123046875 seconds
Memory Usage: 0 bytes


A* Metrics:
Path Length: 12
Nodes Expanded: 36
Execution Time: 0.0 seconds
Memory Usage: 0 bytes


A* Metrics:
Path Length: 12
Nodes Expanded: 30
Execution Time: 0.0 seconds
Memory Usage: 0 bytes


A* Metrics:
Path Length: 9
Nodes Expanded: 27
Execution Time: 0.0 seconds
Memory Usage: 0 bytes


A* Metrics:
Path Length: 15
Nodes Expanded: 53
Execution Time: 0.0 seconds
Memory Usage: 4096 bytes


A* Metrics:
Path Length: 26
Nodes Expanded: 464
Execution Time: 0.0020143985748291016 seconds
Memory Usage: 12288 bytes


2023-05-04 20:59:05 - A* Metrics:
2023-05-04 20:59:05 - Path Length: 18
2023-05-04 20:59:05 - Nodes Expanded: 73
2023-05-04 20:59:05 - Execution Time: 0.0010800361633300781 seconds
2023-05-04 20:59:05 - Memory Usage: 4096 bytes
2023-05-04 20:59:05 - 

2023-05-04 21:00:24 - A* Metrics:
2023-05-04 21:00:24 - Path Length: 22
2023-05-04 21:00:24 - Nodes Expanded: 177
2023-05-04 21:00:24 - Execution Time: 0.0010111331939697266 seconds
2023-05-04 21:00:24 - Memory Usage: 8192 bytes
2023-05-04 21:00:24 - 

2023-05-04 21:01:19 - A* Metrics:
2023-05-04 21:01:19 - Path Length: 21
2023-05-04 21:01:19 - Nodes Expanded: 202
2023-05-04 21:01:19 - Execution Time: 0.0 seconds
2023-05-04 21:01:19 - Memory Usage: 8192 bytes
2023-05-04 21:01:19 - 

2023-05-04 21:01:38 - A* Metrics:
2023-05-04 21:01:38 - Path Length: 23
2023-05-04 21:01:38 - Nodes Expanded: 144
2023-05-04 21:01:38 - Execution Time: 0.0 seconds
2023-05-04 21:01:38 - Memory Usage: 0 bytes
2023-05-04 21:01:38 - 

2023-05-04 21:01:52 - A* Metrics:
2023-05-04 21:01:52 - Path Length: 69
2023-05-04 21:01:52 - Nodes Expanded: 1345
2023-05-04 21:01:52 - Execution Time: 0.0030112266540527344 seconds
2023-05-04 21:01:52 - Memory Usage: 32768 bytes
2023-05-04 21:01:52 - 

2023-05-04 21:02:04 - A* Metrics:
2023-05-04 21:02:04 - Path Length: 177
2023-05-04 21:02:04 - Nodes Expanded: 10818
2023-05-04 21:02:04 - Execution Time: 0.0 seconds
2023-05-04 21:02:04 - Memory Usage: 0 bytes
2023-05-04 21:02:04 - 

2023-05-04 21:38:57 - Environment Size: 200x200
2023-05-04 21:38:57 - Obstacle Density: 0.2
2023-05-04 21:38:57 - A* Metrics:
2023-05-04 21:38:57 - Path Length: 23
2023-05-04 21:38:57 - Nodes Expanded: 198
2023-05-04 21:38:57 - Execution Time: 0.0 seconds
2023-05-04 21:38:57 - Memory Usage: 0 bytes
2023-05-04 21:38:57 - CPU Usage: 0.0%
2023-05-04 21:38:57 - 

2023-05-04 21:39:10 - Environment Size: 200x200
2023-05-04 21:39:10 - Obstacle Density: 0.2
2023-05-04 21:39:10 - A* Metrics:
2023-05-04 21:39:10 - Path Length: 44
2023-05-04 21:39:10 - Nodes Expanded: 957
2023-05-04 21:39:10 - Execution Time: 0.0 seconds
2023-05-04 21:39:10 - Memory Usage: 4096 bytes
2023-05-04 21:39:10 - CPU Usage: 16.7%
2023-05-04 21:39:10 - 

2023-05-04 21:52:19 - Environment Size: 200x200
2023-05-04 21:52:19 - Obstacle Density: 0.2
2023-05-04 21:52:19 - AraStar Metrics:
2023-05-04 21:52:19 - Path Length: 5
2023-05-04 21:52:19 - Nodes Expanded: 6
2023-05-04 21:52:19 - Execution Time: 0.0 seconds
2023-05-04 21:52:19 - Memory Usage: 0 bytes
2023-05-04 21:52:19 - CPU Usage: 8.1%
2023-05-04 21:52:19 - 

2023-05-05 05:39:43 - Environment Size: 150x150
2023-05-05 05:39:43 - Obstacle Density: 0.2
2023-05-05 05:39:43 - A* Metrics:
2023-05-05 05:39:43 - Path Length: 102
2023-05-05 05:39:43 - Nodes Expanded: 1339
2023-05-05 05:39:43 - Execution Time: 0.0 seconds
2023-05-05 05:39:43 - Memory Usage: 118784 bytes
2023-05-05 05:39:43 - CPU Usage: 44.4%
2023-05-05 05:39:43 - 

2023-05-05 05:39:55 - Environment Size: 150x150
2023-05-05 05:39:55 - Obstacle Density: 0.2
2023-05-05 05:39:55 - A* Metrics:
2023-05-05 05:39:55 - Path Length: 58
2023-05-05 05:39:55 - Nodes Expanded: 669
2023-05-05 05:39:55 - Execution Time: 0.0 seconds
2023-05-05 05:39:55 - Memory Usage: 0 bytes
2023-05-05 05:39:55 - CPU Usage: 0.0%
2023-05-05 05:39:55 - 

2023-05-05 05:40:06 - Environment Size: 150x150
2023-05-05 05:40:06 - Obstacle Density: 0.2
2023-05-05 05:40:06 - A* Metrics:
2023-05-05 05:40:06 - Path Length: 62
2023-05-05 05:40:06 - Nodes Expanded: 1050
2023-05-05 05:40:06 - Execution Time: 0.008302688598632812 seconds
2023-05-05 05:40:06 - Memory Usage: 45056 bytes
2023-05-05 05:40:06 - CPU Usage: 0.0%
2023-05-05 05:40:06 - 

2023-05-05 05:40:15 - Environment Size: 150x150
2023-05-05 05:40:15 - Obstacle Density: 0.2
2023-05-05 05:40:15 - A* Metrics:
2023-05-05 05:40:15 - Path Length: 111
2023-05-05 05:40:15 - Nodes Expanded: 2546
2023-05-05 05:40:15 - Execution Time: 0.000598907470703125 seconds
2023-05-05 05:40:15 - Memory Usage: 0 bytes
2023-05-05 05:40:15 - CPU Usage: 7.1%
2023-05-05 05:40:15 - 

2023-05-05 08:40:40 - Environment Size: 200x200
2023-05-05 08:40:40 - Obstacle Density: 0.2
2023-05-05 08:40:40 - A* Metrics:
2023-05-05 08:40:40 - Path Length: 36
2023-05-05 08:40:40 - Nodes Expanded: 636
2023-05-05 08:40:40 - Execution Time: 0.0 seconds
2023-05-05 08:40:40 - Memory Usage: 12288 bytes
2023-05-05 08:40:40 - CPU Usage: 0.0%
2023-05-05 08:40:40 - 

2023-05-05 08:41:15 - Environment Size: 200x200
2023-05-05 08:41:15 - Obstacle Density: 0.2
2023-05-05 08:41:15 - A* Metrics:
2023-05-05 08:41:15 - Path Length: 82
2023-05-05 08:41:15 - Nodes Expanded: 2374
2023-05-05 08:41:15 - Execution Time: 0.0019991397857666016 seconds
2023-05-05 08:41:15 - Memory Usage: 0 bytes
2023-05-05 08:41:15 - CPU Usage: 11.8%
2023-05-05 08:41:15 - 

2023-05-05 09:16:10 - Environment Size: 200x200
2023-05-05 09:16:10 - Obstacle Density: 0.2
2023-05-05 09:16:10 - A* Metrics:
2023-05-05 09:16:10 - Path Length: 130
2023-05-05 09:16:10 - Nodes Expanded: 3369
2023-05-05 09:16:10 - Execution Time: 0.01563096046447754 seconds
2023-05-05 09:16:10 - Memory Usage: 0 bytes
2023-05-05 09:16:10 - CPU Usage: 11.8%
2023-05-05 09:16:10 - 

